The system is: Linux - 4.4.0-31-generic - x86_64
Compiling the C compiler identification source file "CMakeCCompilerId.c" succeeded.
Compiler: /usr/bin/cc 
Build flags: 
Id flags: 

The output was:
0


Compilation of the C compiler identification source "CMakeCCompilerId.c" produced "a.out"

The C compiler identification is GNU, found in "/home/alexis/catkin/src/features_face/OpenFace/build/CMakeFiles/3.5.1/CompilerIdC/a.out"

Compiling the CXX compiler identification source file "CMakeCXXCompilerId.cpp" succeeded.
Compiler: /usr/bin/c++ 
Build flags: 
Id flags: 

The output was:
0


Compilation of the CXX compiler identification source "CMakeCXXCompilerId.cpp" produced "a.out"

The CXX compiler identification is GNU, found in "/home/alexis/catkin/src/features_face/OpenFace/build/CMakeFiles/3.5.1/CompilerIdCXX/a.out"

Determining if the C compiler works passed with the following output:
Change Dir: /home/alexis/catkin/src/features_face/OpenFace/build/CMakeFiles/CMakeTmp

Run Build Command:"/usr/bin/make" "cmTC_7310d/fast"
/usr/bin/make -f CMakeFiles/cmTC_7310d.dir/build.make CMakeFiles/cmTC_7310d.dir/build
make[1]: Entering directory '/home/alexis/catkin/src/features_face/OpenFace/build/CMakeFiles/CMakeTmp'
Building C object CMakeFiles/cmTC_7310d.dir/testCCompiler.c.o
/usr/bin/cc     -o CMakeFiles/cmTC_7310d.dir/testCCompiler.c.o   -c /home/alexis/catkin/src/features_face/OpenFace/build/CMakeFiles/CMakeTmp/testCCompiler.c
Linking C executable cmTC_7310d
/usr/bin/cmake -E cmake_link_script CMakeFiles/cmTC_7310d.dir/link.txt --verbose=1
/usr/bin/cc       CMakeFiles/cmTC_7310d.dir/testCCompiler.c.o  -o cmTC_7310d -rdynamic 
make[1]: Leaving directory '/home/alexis/catkin/src/features_face/OpenFace/build/CMakeFiles/CMakeTmp'


Detecting C compiler ABI info compiled with the following output:
Change Dir: /home/alexis/catkin/src/features_face/OpenFace/build/CMakeFiles/CMakeTmp

Run Build Command:"/usr/bin/make" "cmTC_7ecc3/fast"
/usr/bin/make -f CMakeFiles/cmTC_7ecc3.dir/build.make CMakeFiles/cmTC_7ecc3.dir/build
make[1]: Entering directory '/home/alexis/catkin/src/features_face/OpenFace/build/CMakeFiles/CMakeTmp'
Building C object CMakeFiles/cmTC_7ecc3.dir/CMakeCCompilerABI.c.o
/usr/bin/cc     -o CMakeFiles/cmTC_7ecc3.dir/CMakeCCompilerABI.c.o   -c /usr/share/cmake-3.5/Modules/CMakeCCompilerABI.c
Linking C executable cmTC_7ecc3
/usr/bin/cmake -E cmake_link_script CMakeFiles/cmTC_7ecc3.dir/link.txt --verbose=1
/usr/bin/cc      -v CMakeFiles/cmTC_7ecc3.dir/CMakeCCompilerABI.c.o  -o cmTC_7ecc3 -rdynamic  
Using built-in specs.
COLLECT_GCC=/usr/bin/cc
COLLECT_LTO_WRAPPER=/usr/lib/gcc/x86_64-linux-gnu/5/lto-wrapper
Target: x86_64-linux-gnu
Configured with: ../src/configure -v --with-pkgversion='Ubuntu 5.4.0-6ubuntu1~16.04.1' --with-bugurl=file:///usr/share/doc/gcc-5/README.Bugs --enable-languages=c,ada,c++,java,go,d,fortran,objc,obj-c++ --prefix=/usr --program-suffix=-5 --enable-shared --enable-linker-build-id --libexecdir=/usr/lib --without-included-gettext --enable-threads=posix --libdir=/usr/lib --enable-nls --with-sysroot=/ --enable-clocale=gnu --enable-libstdcxx-debug --enable-libstdcxx-time=yes --with-default-libstdcxx-abi=new --enable-gnu-unique-object --disable-vtable-verify --enable-libmpx --enable-plugin --with-system-zlib --disable-browser-plugin --enable-java-awt=gtk --enable-gtk-cairo --with-java-home=/usr/lib/jvm/java-1.5.0-gcj-5-amd64/jre --enable-java-home --with-jvm-root-dir=/usr/lib/jvm/java-1.5.0-gcj-5-amd64 --with-jvm-jar-dir=/usr/lib/jvm-exports/java-1.5.0-gcj-5-amd64 --with-arch-directory=amd64 --with-ecj-jar=/usr/share/java/eclipse-ecj.jar --enable-objc-gc --enable-multiarch --disable-werror --with-arch-32=i686 --with-abi=m64 --with-multilib-list=m32,m64,mx32 --enable-multilib --with-tune=generic --enable-checking=release --build=x86_64-linux-gnu --host=x86_64-linux-gnu --target=x86_64-linux-gnu
Thread model: posix
gcc version 5.4.0 20160609 (Ubuntu 5.4.0-6ubuntu1~16.04.1) 
COMPILER_PATH=/usr/lib/gcc/x86_64-linux-gnu/5/:/usr/lib/gcc/x86_64-linux-gnu/5/:/usr/lib/gcc/x86_64-linux-gnu/:/usr/lib/gcc/x86_64-linux-gnu/5/:/usr/lib/gcc/x86_64-linux-gnu/
LIBRARY_PATH=/usr/lib/gcc/x86_64-linux-gnu/5/:/usr/lib/gcc/x86_64-linux-gnu/5/../../../x86_64-linux-gnu/:/usr/lib/gcc/x86_64-linux-gnu/5/../../../../lib/:/lib/x86_64-linux-gnu/:/lib/../lib/:/usr/lib/x86_64-linux-gnu/:/usr/lib/../lib/:/usr/lib/gcc/x86_64-linux-gnu/5/../../../:/lib/:/usr/lib/
COLLECT_GCC_OPTIONS='-v' '-o' 'cmTC_7ecc3' '-rdynamic' '-mtune=generic' '-march=x86-64'
 /usr/lib/gcc/x86_64-linux-gnu/5/collect2 -plugin /usr/lib/gcc/x86_64-linux-gnu/5/liblto_plugin.so -plugin-opt=/usr/lib/gcc/x86_64-linux-gnu/5/lto-wrapper -plugin-opt=-fresolution=/tmp/ccBkYa8q.res -plugin-opt=-pass-through=-lgcc -plugin-opt=-pass-through=-lgcc_s -plugin-opt=-pass-through=-lc -plugin-opt=-pass-through=-lgcc -plugin-opt=-pass-through=-lgcc_s --sysroot=/ --build-id --eh-frame-hdr -m elf_x86_64 --hash-style=gnu --as-needed -export-dynamic -dynamic-linker /lib64/ld-linux-x86-64.so.2 -z relro -o cmTC_7ecc3 /usr/lib/gcc/x86_64-linux-gnu/5/../../../x86_64-linux-gnu/crt1.o /usr/lib/gcc/x86_64-linux-gnu/5/../../../x86_64-linux-gnu/crti.o /usr/lib/gcc/x86_64-linux-gnu/5/crtbegin.o -L/usr/lib/gcc/x86_64-linux-gnu/5 -L/usr/lib/gcc/x86_64-linux-gnu/5/../../../x86_64-linux-gnu -L/usr/lib/gcc/x86_64-linux-gnu/5/../../../../lib -L/lib/x86_64-linux-gnu -L/lib/../lib -L/usr/lib/x86_64-linux-gnu -L/usr/lib/../lib -L/usr/lib/gcc/x86_64-linux-gnu/5/../../.. CMakeFiles/cmTC_7ecc3.dir/CMakeCCompilerABI.c.o -lgcc --as-needed -lgcc_s --no-as-needed -lc -lgcc --as-needed -lgcc_s --no-as-needed /usr/lib/gcc/x86_64-linux-gnu/5/crtend.o /usr/lib/gcc/x86_64-linux-gnu/5/../../../x86_64-linux-gnu/crtn.o
make[1]: Leaving directory '/home/alexis/catkin/src/features_face/OpenFace/build/CMakeFiles/CMakeTmp'


Parsed C implicit link information from above output:
  link line regex: [^( *|.*[/\])(ld|([^/\]+-)?ld|collect2)[^/\]*( |$)]
  ignore line: [Change Dir: /home/alexis/catkin/src/features_face/OpenFace/build/CMakeFiles/CMakeTmp]
  ignore line: []
  ignore line: [Run Build Command:"/usr/bin/make" "cmTC_7ecc3/fast"]
  ignore line: [/usr/bin/make -f CMakeFiles/cmTC_7ecc3.dir/build.make CMakeFiles/cmTC_7ecc3.dir/build]
  ignore line: [make[1]: Entering directory '/home/alexis/catkin/src/features_face/OpenFace/build/CMakeFiles/CMakeTmp']
  ignore line: [Building C object CMakeFiles/cmTC_7ecc3.dir/CMakeCCompilerABI.c.o]
  ignore line: [/usr/bin/cc     -o CMakeFiles/cmTC_7ecc3.dir/CMakeCCompilerABI.c.o   -c /usr/share/cmake-3.5/Modules/CMakeCCompilerABI.c]
  ignore line: [Linking C executable cmTC_7ecc3]
  ignore line: [/usr/bin/cmake -E cmake_link_script CMakeFiles/cmTC_7ecc3.dir/link.txt --verbose=1]
  ignore line: [/usr/bin/cc      -v CMakeFiles/cmTC_7ecc3.dir/CMakeCCompilerABI.c.o  -o cmTC_7ecc3 -rdynamic  ]
  ignore line: [Using built-in specs.]
  ignore line: [COLLECT_GCC=/usr/bin/cc]
  ignore line: [COLLECT_LTO_WRAPPER=/usr/lib/gcc/x86_64-linux-gnu/5/lto-wrapper]
  ignore line: [Target: x86_64-linux-gnu]
  ignore line: [Configured with: ../src/configure -v --with-pkgversion='Ubuntu 5.4.0-6ubuntu1~16.04.1' --with-bugurl=file:///usr/share/doc/gcc-5/README.Bugs --enable-languages=c,ada,c++,java,go,d,fortran,objc,obj-c++ --prefix=/usr --program-suffix=-5 --enable-shared --enable-linker-build-id --libexecdir=/usr/lib --without-included-gettext --enable-threads=posix --libdir=/usr/lib --enable-nls --with-sysroot=/ --enable-clocale=gnu --enable-libstdcxx-debug --enable-libstdcxx-time=yes --with-default-libstdcxx-abi=new --enable-gnu-unique-object --disable-vtable-verify --enable-libmpx --enable-plugin --with-system-zlib --disable-browser-plugin --enable-java-awt=gtk --enable-gtk-cairo --with-java-home=/usr/lib/jvm/java-1.5.0-gcj-5-amd64/jre --enable-java-home --with-jvm-root-dir=/usr/lib/jvm/java-1.5.0-gcj-5-amd64 --with-jvm-jar-dir=/usr/lib/jvm-exports/java-1.5.0-gcj-5-amd64 --with-arch-directory=amd64 --with-ecj-jar=/usr/share/java/eclipse-ecj.jar --enable-objc-gc --enable-multiarch --disable-werror --with-arch-32=i686 --with-abi=m64 --with-multilib-list=m32,m64,mx32 --enable-multilib --with-tune=generic --enable-checking=release --build=x86_64-linux-gnu --host=x86_64-linux-gnu --target=x86_64-linux-gnu]
  ignore line: [Thread model: posix]
  ignore line: [gcc version 5.4.0 20160609 (Ubuntu 5.4.0-6ubuntu1~16.04.1) ]
  ignore line: [COMPILER_PATH=/usr/lib/gcc/x86_64-linux-gnu/5/:/usr/lib/gcc/x86_64-linux-gnu/5/:/usr/lib/gcc/x86_64-linux-gnu/:/usr/lib/gcc/x86_64-linux-gnu/5/:/usr/lib/gcc/x86_64-linux-gnu/]
  ignore line: [LIBRARY_PATH=/usr/lib/gcc/x86_64-linux-gnu/5/:/usr/lib/gcc/x86_64-linux-gnu/5/../../../x86_64-linux-gnu/:/usr/lib/gcc/x86_64-linux-gnu/5/../../../../lib/:/lib/x86_64-linux-gnu/:/lib/../lib/:/usr/lib/x86_64-linux-gnu/:/usr/lib/../lib/:/usr/lib/gcc/x86_64-linux-gnu/5/../../../:/lib/:/usr/lib/]
  ignore line: [COLLECT_GCC_OPTIONS='-v' '-o' 'cmTC_7ecc3' '-rdynamic' '-mtune=generic' '-march=x86-64']
  link line: [ /usr/lib/gcc/x86_64-linux-gnu/5/collect2 -plugin /usr/lib/gcc/x86_64-linux-gnu/5/liblto_plugin.so -plugin-opt=/usr/lib/gcc/x86_64-linux-gnu/5/lto-wrapper -plugin-opt=-fresolution=/tmp/ccBkYa8q.res -plugin-opt=-pass-through=-lgcc -plugin-opt=-pass-through=-lgcc_s -plugin-opt=-pass-through=-lc -plugin-opt=-pass-through=-lgcc -plugin-opt=-pass-through=-lgcc_s --sysroot=/ --build-id --eh-frame-hdr -m elf_x86_64 --hash-style=gnu --as-needed -export-dynamic -dynamic-linker /lib64/ld-linux-x86-64.so.2 -z relro -o cmTC_7ecc3 /usr/lib/gcc/x86_64-linux-gnu/5/../../../x86_64-linux-gnu/crt1.o /usr/lib/gcc/x86_64-linux-gnu/5/../../../x86_64-linux-gnu/crti.o /usr/lib/gcc/x86_64-linux-gnu/5/crtbegin.o -L/usr/lib/gcc/x86_64-linux-gnu/5 -L/usr/lib/gcc/x86_64-linux-gnu/5/../../../x86_64-linux-gnu -L/usr/lib/gcc/x86_64-linux-gnu/5/../../../../lib -L/lib/x86_64-linux-gnu -L/lib/../lib -L/usr/lib/x86_64-linux-gnu -L/usr/lib/../lib -L/usr/lib/gcc/x86_64-linux-gnu/5/../../.. CMakeFiles/cmTC_7ecc3.dir/CMakeCCompilerABI.c.o -lgcc --as-needed -lgcc_s --no-as-needed -lc -lgcc --as-needed -lgcc_s --no-as-needed /usr/lib/gcc/x86_64-linux-gnu/5/crtend.o /usr/lib/gcc/x86_64-linux-gnu/5/../../../x86_64-linux-gnu/crtn.o]
    arg [/usr/lib/gcc/x86_64-linux-gnu/5/collect2] ==> ignore
    arg [-plugin] ==> ignore
    arg [/usr/lib/gcc/x86_64-linux-gnu/5/liblto_plugin.so] ==> ignore
    arg [-plugin-opt=/usr/lib/gcc/x86_64-linux-gnu/5/lto-wrapper] ==> ignore
    arg [-plugin-opt=-fresolution=/tmp/ccBkYa8q.res] ==> ignore
    arg [-plugin-opt=-pass-through=-lgcc] ==> ignore
    arg [-plugin-opt=-pass-through=-lgcc_s] ==> ignore
    arg [-plugin-opt=-pass-through=-lc] ==> ignore
    arg [-plugin-opt=-pass-through=-lgcc] ==> ignore
    arg [-plugin-opt=-pass-through=-lgcc_s] ==> ignore
    arg [--sysroot=/] ==> ignore
    arg [--build-id] ==> ignore
    arg [--eh-frame-hdr] ==> ignore
    arg [-m] ==> ignore
    arg [elf_x86_64] ==> ignore
    arg [--hash-style=gnu] ==> ignore
    arg [--as-needed] ==> ignore
    arg [-export-dynamic] ==> ignore
    arg [-dynamic-linker] ==> ignore
    arg [/lib64/ld-linux-x86-64.so.2] ==> ignore
    arg [-zrelro] ==> ignore
    arg [-o] ==> ignore
    arg [cmTC_7ecc3] ==> ignore
    arg [/usr/lib/gcc/x86_64-linux-gnu/5/../../../x86_64-linux-gnu/crt1.o] ==> ignore
    arg [/usr/lib/gcc/x86_64-linux-gnu/5/../../../x86_64-linux-gnu/crti.o] ==> ignore
    arg [/usr/lib/gcc/x86_64-linux-gnu/5/crtbegin.o] ==> ignore
    arg [-L/usr/lib/gcc/x86_64-linux-gnu/5] ==> dir [/usr/lib/gcc/x86_64-linux-gnu/5]
    arg [-L/usr/lib/gcc/x86_64-linux-gnu/5/../../../x86_64-linux-gnu] ==> dir [/usr/lib/gcc/x86_64-linux-gnu/5/../../../x86_64-linux-gnu]
    arg [-L/usr/lib/gcc/x86_64-linux-gnu/5/../../../../lib] ==> dir [/usr/lib/gcc/x86_64-linux-gnu/5/../../../../lib]
    arg [-L/lib/x86_64-linux-gnu] ==> dir [/lib/x86_64-linux-gnu]
    arg [-L/lib/../lib] ==> dir [/lib/../lib]
    arg [-L/usr/lib/x86_64-linux-gnu] ==> dir [/usr/lib/x86_64-linux-gnu]
    arg [-L/usr/lib/../lib] ==> dir [/usr/lib/../lib]
    arg [-L/usr/lib/gcc/x86_64-linux-gnu/5/../../..] ==> dir [/usr/lib/gcc/x86_64-linux-gnu/5/../../..]
    arg [CMakeFiles/cmTC_7ecc3.dir/CMakeCCompilerABI.c.o] ==> ignore
    arg [-lgcc] ==> lib [gcc]
    arg [--as-needed] ==> ignore
    arg [-lgcc_s] ==> lib [gcc_s]
    arg [--no-as-needed] ==> ignore
    arg [-lc] ==> lib [c]
    arg [-lgcc] ==> lib [gcc]
    arg [--as-needed] ==> ignore
    arg [-lgcc_s] ==> lib [gcc_s]
    arg [--no-as-needed] ==> ignore
    arg [/usr/lib/gcc/x86_64-linux-gnu/5/crtend.o] ==> ignore
    arg [/usr/lib/gcc/x86_64-linux-gnu/5/../../../x86_64-linux-gnu/crtn.o] ==> ignore
  remove lib [gcc]
  remove lib [gcc_s]
  remove lib [gcc]
  remove lib [gcc_s]
  collapse library dir [/usr/lib/gcc/x86_64-linux-gnu/5] ==> [/usr/lib/gcc/x86_64-linux-gnu/5]
  collapse library dir [/usr/lib/gcc/x86_64-linux-gnu/5/../../../x86_64-linux-gnu] ==> [/usr/lib/x86_64-linux-gnu]
  collapse library dir [/usr/lib/gcc/x86_64-linux-gnu/5/../../../../lib] ==> [/usr/lib]
  collapse library dir [/lib/x86_64-linux-gnu] ==> [/lib/x86_64-linux-gnu]
  collapse library dir [/lib/../lib] ==> [/lib]
  collapse library dir [/usr/lib/x86_64-linux-gnu] ==> [/usr/lib/x86_64-linux-gnu]
  collapse library dir [/usr/lib/../lib] ==> [/usr/lib]
  collapse library dir [/usr/lib/gcc/x86_64-linux-gnu/5/../../..] ==> [/usr/lib]
  implicit libs: [c]
  implicit dirs: [/usr/lib/gcc/x86_64-linux-gnu/5;/usr/lib/x86_64-linux-gnu;/usr/lib;/lib/x86_64-linux-gnu;/lib]
  implicit fwks: []




Detecting C [-std=c11] compiler features compiled with the following output:
Change Dir: /home/alexis/catkin/src/features_face/OpenFace/build/CMakeFiles/CMakeTmp

Run Build Command:"/usr/bin/make" "cmTC_3de8a/fast"
/usr/bin/make -f CMakeFiles/cmTC_3de8a.dir/build.make CMakeFiles/cmTC_3de8a.dir/build
make[1]: Entering directory '/home/alexis/catkin/src/features_face/OpenFace/build/CMakeFiles/CMakeTmp'
Building C object CMakeFiles/cmTC_3de8a.dir/feature_tests.c.o
/usr/bin/cc    -std=c11 -o CMakeFiles/cmTC_3de8a.dir/feature_tests.c.o   -c /home/alexis/catkin/src/features_face/OpenFace/build/CMakeFiles/feature_tests.c
Linking C executable cmTC_3de8a
/usr/bin/cmake -E cmake_link_script CMakeFiles/cmTC_3de8a.dir/link.txt --verbose=1
/usr/bin/cc       CMakeFiles/cmTC_3de8a.dir/feature_tests.c.o  -o cmTC_3de8a -rdynamic 
make[1]: Leaving directory '/home/alexis/catkin/src/features_face/OpenFace/build/CMakeFiles/CMakeTmp'


    Feature record: C_FEATURE:1c_function_prototypes
    Feature record: C_FEATURE:1c_restrict
    Feature record: C_FEATURE:1c_static_assert
    Feature record: C_FEATURE:1c_variadic_macros


Detecting C [-std=c99] compiler features compiled with the following output:
Change Dir: /home/alexis/catkin/src/features_face/OpenFace/build/CMakeFiles/CMakeTmp

Run Build Command:"/usr/bin/make" "cmTC_dc203/fast"
/usr/bin/make -f CMakeFiles/cmTC_dc203.dir/build.make CMakeFiles/cmTC_dc203.dir/build
make[1]: Entering directory '/home/alexis/catkin/src/features_face/OpenFace/build/CMakeFiles/CMakeTmp'
Building C object CMakeFiles/cmTC_dc203.dir/feature_tests.c.o
/usr/bin/cc    -std=c99 -o CMakeFiles/cmTC_dc203.dir/feature_tests.c.o   -c /home/alexis/catkin/src/features_face/OpenFace/build/CMakeFiles/feature_tests.c
Linking C executable cmTC_dc203
/usr/bin/cmake -E cmake_link_script CMakeFiles/cmTC_dc203.dir/link.txt --verbose=1
/usr/bin/cc       CMakeFiles/cmTC_dc203.dir/feature_tests.c.o  -o cmTC_dc203 -rdynamic 
make[1]: Leaving directory '/home/alexis/catkin/src/features_face/OpenFace/build/CMakeFiles/CMakeTmp'


    Feature record: C_FEATURE:1c_function_prototypes
    Feature record: C_FEATURE:1c_restrict
    Feature record: C_FEATURE:0c_static_assert
    Feature record: C_FEATURE:1c_variadic_macros


Detecting C [-std=c90] compiler features compiled with the following output:
Change Dir: /home/alexis/catkin/src/features_face/OpenFace/build/CMakeFiles/CMakeTmp

Run Build Command:"/usr/bin/make" "cmTC_95e02/fast"
/usr/bin/make -f CMakeFiles/cmTC_95e02.dir/build.make CMakeFiles/cmTC_95e02.dir/build
make[1]: Entering directory '/home/alexis/catkin/src/features_face/OpenFace/build/CMakeFiles/CMakeTmp'
Building C object CMakeFiles/cmTC_95e02.dir/feature_tests.c.o
/usr/bin/cc    -std=c90 -o CMakeFiles/cmTC_95e02.dir/feature_tests.c.o   -c /home/alexis/catkin/src/features_face/OpenFace/build/CMakeFiles/feature_tests.c
Linking C executable cmTC_95e02
/usr/bin/cmake -E cmake_link_script CMakeFiles/cmTC_95e02.dir/link.txt --verbose=1
/usr/bin/cc       CMakeFiles/cmTC_95e02.dir/feature_tests.c.o  -o cmTC_95e02 -rdynamic 
make[1]: Leaving directory '/home/alexis/catkin/src/features_face/OpenFace/build/CMakeFiles/CMakeTmp'


    Feature record: C_FEATURE:1c_function_prototypes
    Feature record: C_FEATURE:0c_restrict
    Feature record: C_FEATURE:0c_static_assert
    Feature record: C_FEATURE:0c_variadic_macros
Determining if the CXX compiler works passed with the following output:
Change Dir: /home/alexis/catkin/src/features_face/OpenFace/build/CMakeFiles/CMakeTmp

Run Build Command:"/usr/bin/make" "cmTC_dfbe6/fast"
/usr/bin/make -f CMakeFiles/cmTC_dfbe6.dir/build.make CMakeFiles/cmTC_dfbe6.dir/build
make[1]: Entering directory '/home/alexis/catkin/src/features_face/OpenFace/build/CMakeFiles/CMakeTmp'
Building CXX object CMakeFiles/cmTC_dfbe6.dir/testCXXCompiler.cxx.o
/usr/bin/c++      -o CMakeFiles/cmTC_dfbe6.dir/testCXXCompiler.cxx.o -c /home/alexis/catkin/src/features_face/OpenFace/build/CMakeFiles/CMakeTmp/testCXXCompiler.cxx
Linking CXX executable cmTC_dfbe6
/usr/bin/cmake -E cmake_link_script CMakeFiles/cmTC_dfbe6.dir/link.txt --verbose=1
/usr/bin/c++        CMakeFiles/cmTC_dfbe6.dir/testCXXCompiler.cxx.o  -o cmTC_dfbe6 -rdynamic 
make[1]: Leaving directory '/home/alexis/catkin/src/features_face/OpenFace/build/CMakeFiles/CMakeTmp'


Detecting CXX compiler ABI info compiled with the following output:
Change Dir: /home/alexis/catkin/src/features_face/OpenFace/build/CMakeFiles/CMakeTmp

Run Build Command:"/usr/bin/make" "cmTC_b4305/fast"
/usr/bin/make -f CMakeFiles/cmTC_b4305.dir/build.make CMakeFiles/cmTC_b4305.dir/build
make[1]: Entering directory '/home/alexis/catkin/src/features_face/OpenFace/build/CMakeFiles/CMakeTmp'
Building CXX object CMakeFiles/cmTC_b4305.dir/CMakeCXXCompilerABI.cpp.o
/usr/bin/c++      -o CMakeFiles/cmTC_b4305.dir/CMakeCXXCompilerABI.cpp.o -c /usr/share/cmake-3.5/Modules/CMakeCXXCompilerABI.cpp
Linking CXX executable cmTC_b4305
/usr/bin/cmake -E cmake_link_script CMakeFiles/cmTC_b4305.dir/link.txt --verbose=1
/usr/bin/c++       -v CMakeFiles/cmTC_b4305.dir/CMakeCXXCompilerABI.cpp.o  -o cmTC_b4305 -rdynamic  
Using built-in specs.
COLLECT_GCC=/usr/bin/c++
COLLECT_LTO_WRAPPER=/usr/lib/gcc/x86_64-linux-gnu/5/lto-wrapper
Target: x86_64-linux-gnu
Configured with: ../src/configure -v --with-pkgversion='Ubuntu 5.4.0-6ubuntu1~16.04.1' --with-bugurl=file:///usr/share/doc/gcc-5/README.Bugs --enable-languages=c,ada,c++,java,go,d,fortran,objc,obj-c++ --prefix=/usr --program-suffix=-5 --enable-shared --enable-linker-build-id --libexecdir=/usr/lib --without-included-gettext --enable-threads=posix --libdir=/usr/lib --enable-nls --with-sysroot=/ --enable-clocale=gnu --enable-libstdcxx-debug --enable-libstdcxx-time=yes --with-default-libstdcxx-abi=new --enable-gnu-unique-object --disable-vtable-verify --enable-libmpx --enable-plugin --with-system-zlib --disable-browser-plugin --enable-java-awt=gtk --enable-gtk-cairo --with-java-home=/usr/lib/jvm/java-1.5.0-gcj-5-amd64/jre --enable-java-home --with-jvm-root-dir=/usr/lib/jvm/java-1.5.0-gcj-5-amd64 --with-jvm-jar-dir=/usr/lib/jvm-exports/java-1.5.0-gcj-5-amd64 --with-arch-directory=amd64 --with-ecj-jar=/usr/share/java/eclipse-ecj.jar --enable-objc-gc --enable-multiarch --disable-werror --with-arch-32=i686 --with-abi=m64 --with-multilib-list=m32,m64,mx32 --enable-multilib --with-tune=generic --enable-checking=release --build=x86_64-linux-gnu --host=x86_64-linux-gnu --target=x86_64-linux-gnu
Thread model: posix
gcc version 5.4.0 20160609 (Ubuntu 5.4.0-6ubuntu1~16.04.1) 
COMPILER_PATH=/usr/lib/gcc/x86_64-linux-gnu/5/:/usr/lib/gcc/x86_64-linux-gnu/5/:/usr/lib/gcc/x86_64-linux-gnu/:/usr/lib/gcc/x86_64-linux-gnu/5/:/usr/lib/gcc/x86_64-linux-gnu/
LIBRARY_PATH=/usr/lib/gcc/x86_64-linux-gnu/5/:/usr/lib/gcc/x86_64-linux-gnu/5/../../../x86_64-linux-gnu/:/usr/lib/gcc/x86_64-linux-gnu/5/../../../../lib/:/lib/x86_64-linux-gnu/:/lib/../lib/:/usr/lib/x86_64-linux-gnu/:/usr/lib/../lib/:/usr/lib/gcc/x86_64-linux-gnu/5/../../../:/lib/:/usr/lib/
COLLECT_GCC_OPTIONS='-v' '-o' 'cmTC_b4305' '-rdynamic' '-shared-libgcc' '-mtune=generic' '-march=x86-64'
 /usr/lib/gcc/x86_64-linux-gnu/5/collect2 -plugin /usr/lib/gcc/x86_64-linux-gnu/5/liblto_plugin.so -plugin-opt=/usr/lib/gcc/x86_64-linux-gnu/5/lto-wrapper -plugin-opt=-fresolution=/tmp/cc5T6oL5.res -plugin-opt=-pass-through=-lgcc_s -plugin-opt=-pass-through=-lgcc -plugin-opt=-pass-through=-lc -plugin-opt=-pass-through=-lgcc_s -plugin-opt=-pass-through=-lgcc --sysroot=/ --build-id --eh-frame-hdr -m elf_x86_64 --hash-style=gnu --as-needed -export-dynamic -dynamic-linker /lib64/ld-linux-x86-64.so.2 -z relro -o cmTC_b4305 /usr/lib/gcc/x86_64-linux-gnu/5/../../../x86_64-linux-gnu/crt1.o /usr/lib/gcc/x86_64-linux-gnu/5/../../../x86_64-linux-gnu/crti.o /usr/lib/gcc/x86_64-linux-gnu/5/crtbegin.o -L/usr/lib/gcc/x86_64-linux-gnu/5 -L/usr/lib/gcc/x86_64-linux-gnu/5/../../../x86_64-linux-gnu -L/usr/lib/gcc/x86_64-linux-gnu/5/../../../../lib -L/lib/x86_64-linux-gnu -L/lib/../lib -L/usr/lib/x86_64-linux-gnu -L/usr/lib/../lib -L/usr/lib/gcc/x86_64-linux-gnu/5/../../.. CMakeFiles/cmTC_b4305.dir/CMakeCXXCompilerABI.cpp.o -lstdc++ -lm -lgcc_s -lgcc -lc -lgcc_s -lgcc /usr/lib/gcc/x86_64-linux-gnu/5/crtend.o /usr/lib/gcc/x86_64-linux-gnu/5/../../../x86_64-linux-gnu/crtn.o
make[1]: Leaving directory '/home/alexis/catkin/src/features_face/OpenFace/build/CMakeFiles/CMakeTmp'


Parsed CXX implicit link information from above output:
  link line regex: [^( *|.*[/\])(ld|([^/\]+-)?ld|collect2)[^/\]*( |$)]
  ignore line: [Change Dir: /home/alexis/catkin/src/features_face/OpenFace/build/CMakeFiles/CMakeTmp]
  ignore line: []
  ignore line: [Run Build Command:"/usr/bin/make" "cmTC_b4305/fast"]
  ignore line: [/usr/bin/make -f CMakeFiles/cmTC_b4305.dir/build.make CMakeFiles/cmTC_b4305.dir/build]
  ignore line: [make[1]: Entering directory '/home/alexis/catkin/src/features_face/OpenFace/build/CMakeFiles/CMakeTmp']
  ignore line: [Building CXX object CMakeFiles/cmTC_b4305.dir/CMakeCXXCompilerABI.cpp.o]
  ignore line: [/usr/bin/c++      -o CMakeFiles/cmTC_b4305.dir/CMakeCXXCompilerABI.cpp.o -c /usr/share/cmake-3.5/Modules/CMakeCXXCompilerABI.cpp]
  ignore line: [Linking CXX executable cmTC_b4305]
  ignore line: [/usr/bin/cmake -E cmake_link_script CMakeFiles/cmTC_b4305.dir/link.txt --verbose=1]
  ignore line: [/usr/bin/c++       -v CMakeFiles/cmTC_b4305.dir/CMakeCXXCompilerABI.cpp.o  -o cmTC_b4305 -rdynamic  ]
  ignore line: [Using built-in specs.]
  ignore line: [COLLECT_GCC=/usr/bin/c++]
  ignore line: [COLLECT_LTO_WRAPPER=/usr/lib/gcc/x86_64-linux-gnu/5/lto-wrapper]
  ignore line: [Target: x86_64-linux-gnu]
  ignore line: [Configured with: ../src/configure -v --with-pkgversion='Ubuntu 5.4.0-6ubuntu1~16.04.1' --with-bugurl=file:///usr/share/doc/gcc-5/README.Bugs --enable-languages=c,ada,c++,java,go,d,fortran,objc,obj-c++ --prefix=/usr --program-suffix=-5 --enable-shared --enable-linker-build-id --libexecdir=/usr/lib --without-included-gettext --enable-threads=posix --libdir=/usr/lib --enable-nls --with-sysroot=/ --enable-clocale=gnu --enable-libstdcxx-debug --enable-libstdcxx-time=yes --with-default-libstdcxx-abi=new --enable-gnu-unique-object --disable-vtable-verify --enable-libmpx --enable-plugin --with-system-zlib --disable-browser-plugin --enable-java-awt=gtk --enable-gtk-cairo --with-java-home=/usr/lib/jvm/java-1.5.0-gcj-5-amd64/jre --enable-java-home --with-jvm-root-dir=/usr/lib/jvm/java-1.5.0-gcj-5-amd64 --with-jvm-jar-dir=/usr/lib/jvm-exports/java-1.5.0-gcj-5-amd64 --with-arch-directory=amd64 --with-ecj-jar=/usr/share/java/eclipse-ecj.jar --enable-objc-gc --enable-multiarch --disable-werror --with-arch-32=i686 --with-abi=m64 --with-multilib-list=m32,m64,mx32 --enable-multilib --with-tune=generic --enable-checking=release --build=x86_64-linux-gnu --host=x86_64-linux-gnu --target=x86_64-linux-gnu]
  ignore line: [Thread model: posix]
  ignore line: [gcc version 5.4.0 20160609 (Ubuntu 5.4.0-6ubuntu1~16.04.1) ]
  ignore line: [COMPILER_PATH=/usr/lib/gcc/x86_64-linux-gnu/5/:/usr/lib/gcc/x86_64-linux-gnu/5/:/usr/lib/gcc/x86_64-linux-gnu/:/usr/lib/gcc/x86_64-linux-gnu/5/:/usr/lib/gcc/x86_64-linux-gnu/]
  ignore line: [LIBRARY_PATH=/usr/lib/gcc/x86_64-linux-gnu/5/:/usr/lib/gcc/x86_64-linux-gnu/5/../../../x86_64-linux-gnu/:/usr/lib/gcc/x86_64-linux-gnu/5/../../../../lib/:/lib/x86_64-linux-gnu/:/lib/../lib/:/usr/lib/x86_64-linux-gnu/:/usr/lib/../lib/:/usr/lib/gcc/x86_64-linux-gnu/5/../../../:/lib/:/usr/lib/]
  ignore line: [COLLECT_GCC_OPTIONS='-v' '-o' 'cmTC_b4305' '-rdynamic' '-shared-libgcc' '-mtune=generic' '-march=x86-64']
  link line: [ /usr/lib/gcc/x86_64-linux-gnu/5/collect2 -plugin /usr/lib/gcc/x86_64-linux-gnu/5/liblto_plugin.so -plugin-opt=/usr/lib/gcc/x86_64-linux-gnu/5/lto-wrapper -plugin-opt=-fresolution=/tmp/cc5T6oL5.res -plugin-opt=-pass-through=-lgcc_s -plugin-opt=-pass-through=-lgcc -plugin-opt=-pass-through=-lc -plugin-opt=-pass-through=-lgcc_s -plugin-opt=-pass-through=-lgcc --sysroot=/ --build-id --eh-frame-hdr -m elf_x86_64 --hash-style=gnu --as-needed -export-dynamic -dynamic-linker /lib64/ld-linux-x86-64.so.2 -z relro -o cmTC_b4305 /usr/lib/gcc/x86_64-linux-gnu/5/../../../x86_64-linux-gnu/crt1.o /usr/lib/gcc/x86_64-linux-gnu/5/../../../x86_64-linux-gnu/crti.o /usr/lib/gcc/x86_64-linux-gnu/5/crtbegin.o -L/usr/lib/gcc/x86_64-linux-gnu/5 -L/usr/lib/gcc/x86_64-linux-gnu/5/../../../x86_64-linux-gnu -L/usr/lib/gcc/x86_64-linux-gnu/5/../../../../lib -L/lib/x86_64-linux-gnu -L/lib/../lib -L/usr/lib/x86_64-linux-gnu -L/usr/lib/../lib -L/usr/lib/gcc/x86_64-linux-gnu/5/../../.. CMakeFiles/cmTC_b4305.dir/CMakeCXXCompilerABI.cpp.o -lstdc++ -lm -lgcc_s -lgcc -lc -lgcc_s -lgcc /usr/lib/gcc/x86_64-linux-gnu/5/crtend.o /usr/lib/gcc/x86_64-linux-gnu/5/../../../x86_64-linux-gnu/crtn.o]
    arg [/usr/lib/gcc/x86_64-linux-gnu/5/collect2] ==> ignore
    arg [-plugin] ==> ignore
    arg [/usr/lib/gcc/x86_64-linux-gnu/5/liblto_plugin.so] ==> ignore
    arg [-plugin-opt=/usr/lib/gcc/x86_64-linux-gnu/5/lto-wrapper] ==> ignore
    arg [-plugin-opt=-fresolution=/tmp/cc5T6oL5.res] ==> ignore
    arg [-plugin-opt=-pass-through=-lgcc_s] ==> ignore
    arg [-plugin-opt=-pass-through=-lgcc] ==> ignore
    arg [-plugin-opt=-pass-through=-lc] ==> ignore
    arg [-plugin-opt=-pass-through=-lgcc_s] ==> ignore
    arg [-plugin-opt=-pass-through=-lgcc] ==> ignore
    arg [--sysroot=/] ==> ignore
    arg [--build-id] ==> ignore
    arg [--eh-frame-hdr] ==> ignore
    arg [-m] ==> ignore
    arg [elf_x86_64] ==> ignore
    arg [--hash-style=gnu] ==> ignore
    arg [--as-needed] ==> ignore
    arg [-export-dynamic] ==> ignore
    arg [-dynamic-linker] ==> ignore
    arg [/lib64/ld-linux-x86-64.so.2] ==> ignore
    arg [-zrelro] ==> ignore
    arg [-o] ==> ignore
    arg [cmTC_b4305] ==> ignore
    arg [/usr/lib/gcc/x86_64-linux-gnu/5/../../../x86_64-linux-gnu/crt1.o] ==> ignore
    arg [/usr/lib/gcc/x86_64-linux-gnu/5/../../../x86_64-linux-gnu/crti.o] ==> ignore
    arg [/usr/lib/gcc/x86_64-linux-gnu/5/crtbegin.o] ==> ignore
    arg [-L/usr/lib/gcc/x86_64-linux-gnu/5] ==> dir [/usr/lib/gcc/x86_64-linux-gnu/5]
    arg [-L/usr/lib/gcc/x86_64-linux-gnu/5/../../../x86_64-linux-gnu] ==> dir [/usr/lib/gcc/x86_64-linux-gnu/5/../../../x86_64-linux-gnu]
    arg [-L/usr/lib/gcc/x86_64-linux-gnu/5/../../../../lib] ==> dir [/usr/lib/gcc/x86_64-linux-gnu/5/../../../../lib]
    arg [-L/lib/x86_64-linux-gnu] ==> dir [/lib/x86_64-linux-gnu]
    arg [-L/lib/../lib] ==> dir [/lib/../lib]
    arg [-L/usr/lib/x86_64-linux-gnu] ==> dir [/usr/lib/x86_64-linux-gnu]
    arg [-L/usr/lib/../lib] ==> dir [/usr/lib/../lib]
    arg [-L/usr/lib/gcc/x86_64-linux-gnu/5/../../..] ==> dir [/usr/lib/gcc/x86_64-linux-gnu/5/../../..]
    arg [CMakeFiles/cmTC_b4305.dir/CMakeCXXCompilerABI.cpp.o] ==> ignore
    arg [-lstdc++] ==> lib [stdc++]
    arg [-lm] ==> lib [m]
    arg [-lgcc_s] ==> lib [gcc_s]
    arg [-lgcc] ==> lib [gcc]
    arg [-lc] ==> lib [c]
    arg [-lgcc_s] ==> lib [gcc_s]
    arg [-lgcc] ==> lib [gcc]
    arg [/usr/lib/gcc/x86_64-linux-gnu/5/crtend.o] ==> ignore
    arg [/usr/lib/gcc/x86_64-linux-gnu/5/../../../x86_64-linux-gnu/crtn.o] ==> ignore
  remove lib [gcc_s]
  remove lib [gcc]
  remove lib [gcc_s]
  remove lib [gcc]
  collapse library dir [/usr/lib/gcc/x86_64-linux-gnu/5] ==> [/usr/lib/gcc/x86_64-linux-gnu/5]
  collapse library dir [/usr/lib/gcc/x86_64-linux-gnu/5/../../../x86_64-linux-gnu] ==> [/usr/lib/x86_64-linux-gnu]
  collapse library dir [/usr/lib/gcc/x86_64-linux-gnu/5/../../../../lib] ==> [/usr/lib]
  collapse library dir [/lib/x86_64-linux-gnu] ==> [/lib/x86_64-linux-gnu]
  collapse library dir [/lib/../lib] ==> [/lib]
  collapse library dir [/usr/lib/x86_64-linux-gnu] ==> [/usr/lib/x86_64-linux-gnu]
  collapse library dir [/usr/lib/../lib] ==> [/usr/lib]
  collapse library dir [/usr/lib/gcc/x86_64-linux-gnu/5/../../..] ==> [/usr/lib]
  implicit libs: [stdc++;m;c]
  implicit dirs: [/usr/lib/gcc/x86_64-linux-gnu/5;/usr/lib/x86_64-linux-gnu;/usr/lib;/lib/x86_64-linux-gnu;/lib]
  implicit fwks: []




Detecting CXX [-std=c++14] compiler features compiled with the following output:
Change Dir: /home/alexis/catkin/src/features_face/OpenFace/build/CMakeFiles/CMakeTmp

Run Build Command:"/usr/bin/make" "cmTC_56bc9/fast"
/usr/bin/make -f CMakeFiles/cmTC_56bc9.dir/build.make CMakeFiles/cmTC_56bc9.dir/build
make[1]: Entering directory '/home/alexis/catkin/src/features_face/OpenFace/build/CMakeFiles/CMakeTmp'
Building CXX object CMakeFiles/cmTC_56bc9.dir/feature_tests.cxx.o
/usr/bin/c++     -std=c++14 -o CMakeFiles/cmTC_56bc9.dir/feature_tests.cxx.o -c /home/alexis/catkin/src/features_face/OpenFace/build/CMakeFiles/feature_tests.cxx
Linking CXX executable cmTC_56bc9
/usr/bin/cmake -E cmake_link_script CMakeFiles/cmTC_56bc9.dir/link.txt --verbose=1
/usr/bin/c++        CMakeFiles/cmTC_56bc9.dir/feature_tests.cxx.o  -o cmTC_56bc9 -rdynamic 
make[1]: Leaving directory '/home/alexis/catkin/src/features_face/OpenFace/build/CMakeFiles/CMakeTmp'


    Feature record: CXX_FEATURE:1cxx_aggregate_default_initializers
    Feature record: CXX_FEATURE:1cxx_alias_templates
    Feature record: CXX_FEATURE:1cxx_alignas
    Feature record: CXX_FEATURE:1cxx_alignof
    Feature record: CXX_FEATURE:1cxx_attributes
    Feature record: CXX_FEATURE:1cxx_attribute_deprecated
    Feature record: CXX_FEATURE:1cxx_auto_type
    Feature record: CXX_FEATURE:1cxx_binary_literals
    Feature record: CXX_FEATURE:1cxx_constexpr
    Feature record: CXX_FEATURE:1cxx_contextual_conversions
    Feature record: CXX_FEATURE:1cxx_decltype
    Feature record: CXX_FEATURE:1cxx_decltype_auto
    Feature record: CXX_FEATURE:1cxx_decltype_incomplete_return_types
    Feature record: CXX_FEATURE:1cxx_default_function_template_args
    Feature record: CXX_FEATURE:1cxx_defaulted_functions
    Feature record: CXX_FEATURE:1cxx_defaulted_move_initializers
    Feature record: CXX_FEATURE:1cxx_delegating_constructors
    Feature record: CXX_FEATURE:1cxx_deleted_functions
    Feature record: CXX_FEATURE:1cxx_digit_separators
    Feature record: CXX_FEATURE:1cxx_enum_forward_declarations
    Feature record: CXX_FEATURE:1cxx_explicit_conversions
    Feature record: CXX_FEATURE:1cxx_extended_friend_declarations
    Feature record: CXX_FEATURE:1cxx_extern_templates
    Feature record: CXX_FEATURE:1cxx_final
    Feature record: CXX_FEATURE:1cxx_func_identifier
    Feature record: CXX_FEATURE:1cxx_generalized_initializers
    Feature record: CXX_FEATURE:1cxx_generic_lambdas
    Feature record: CXX_FEATURE:1cxx_inheriting_constructors
    Feature record: CXX_FEATURE:1cxx_inline_namespaces
    Feature record: CXX_FEATURE:1cxx_lambdas
    Feature record: CXX_FEATURE:1cxx_lambda_init_captures
    Feature record: CXX_FEATURE:1cxx_local_type_template_args
    Feature record: CXX_FEATURE:1cxx_long_long_type
    Feature record: CXX_FEATURE:1cxx_noexcept
    Feature record: CXX_FEATURE:1cxx_nonstatic_member_init
    Feature record: CXX_FEATURE:1cxx_nullptr
    Feature record: CXX_FEATURE:1cxx_override
    Feature record: CXX_FEATURE:1cxx_range_for
    Feature record: CXX_FEATURE:1cxx_raw_string_literals
    Feature record: CXX_FEATURE:1cxx_reference_qualified_functions
    Feature record: CXX_FEATURE:1cxx_relaxed_constexpr
    Feature record: CXX_FEATURE:1cxx_return_type_deduction
    Feature record: CXX_FEATURE:1cxx_right_angle_brackets
    Feature record: CXX_FEATURE:1cxx_rvalue_references
    Feature record: CXX_FEATURE:1cxx_sizeof_member
    Feature record: CXX_FEATURE:1cxx_static_assert
    Feature record: CXX_FEATURE:1cxx_strong_enums
    Feature record: CXX_FEATURE:1cxx_template_template_parameters
    Feature record: CXX_FEATURE:1cxx_thread_local
    Feature record: CXX_FEATURE:1cxx_trailing_return_types
    Feature record: CXX_FEATURE:1cxx_unicode_literals
    Feature record: CXX_FEATURE:1cxx_uniform_initialization
    Feature record: CXX_FEATURE:1cxx_unrestricted_unions
    Feature record: CXX_FEATURE:1cxx_user_literals
    Feature record: CXX_FEATURE:1cxx_variable_templates
    Feature record: CXX_FEATURE:1cxx_variadic_macros
    Feature record: CXX_FEATURE:1cxx_variadic_templates


Detecting CXX [-std=c++11] compiler features compiled with the following output:
Change Dir: /home/alexis/catkin/src/features_face/OpenFace/build/CMakeFiles/CMakeTmp

Run Build Command:"/usr/bin/make" "cmTC_379b4/fast"
/usr/bin/make -f CMakeFiles/cmTC_379b4.dir/build.make CMakeFiles/cmTC_379b4.dir/build
make[1]: Entering directory '/home/alexis/catkin/src/features_face/OpenFace/build/CMakeFiles/CMakeTmp'
Building CXX object CMakeFiles/cmTC_379b4.dir/feature_tests.cxx.o
/usr/bin/c++     -std=c++11 -o CMakeFiles/cmTC_379b4.dir/feature_tests.cxx.o -c /home/alexis/catkin/src/features_face/OpenFace/build/CMakeFiles/feature_tests.cxx
Linking CXX executable cmTC_379b4
/usr/bin/cmake -E cmake_link_script CMakeFiles/cmTC_379b4.dir/link.txt --verbose=1
/usr/bin/c++        CMakeFiles/cmTC_379b4.dir/feature_tests.cxx.o  -o cmTC_379b4 -rdynamic 
make[1]: Leaving directory '/home/alexis/catkin/src/features_face/OpenFace/build/CMakeFiles/CMakeTmp'


    Feature record: CXX_FEATURE:0cxx_aggregate_default_initializers
    Feature record: CXX_FEATURE:1cxx_alias_templates
    Feature record: CXX_FEATURE:1cxx_alignas
    Feature record: CXX_FEATURE:1cxx_alignof
    Feature record: CXX_FEATURE:1cxx_attributes
    Feature record: CXX_FEATURE:0cxx_attribute_deprecated
    Feature record: CXX_FEATURE:1cxx_auto_type
    Feature record: CXX_FEATURE:0cxx_binary_literals
    Feature record: CXX_FEATURE:1cxx_constexpr
    Feature record: CXX_FEATURE:0cxx_contextual_conversions
    Feature record: CXX_FEATURE:1cxx_decltype
    Feature record: CXX_FEATURE:0cxx_decltype_auto
    Feature record: CXX_FEATURE:1cxx_decltype_incomplete_return_types
    Feature record: CXX_FEATURE:1cxx_default_function_template_args
    Feature record: CXX_FEATURE:1cxx_defaulted_functions
    Feature record: CXX_FEATURE:1cxx_defaulted_move_initializers
    Feature record: CXX_FEATURE:1cxx_delegating_constructors
    Feature record: CXX_FEATURE:1cxx_deleted_functions
    Feature record: CXX_FEATURE:0cxx_digit_separators
    Feature record: CXX_FEATURE:1cxx_enum_forward_declarations
    Feature record: CXX_FEATURE:1cxx_explicit_conversions
    Feature record: CXX_FEATURE:1cxx_extended_friend_declarations
    Feature record: CXX_FEATURE:1cxx_extern_templates
    Feature record: CXX_FEATURE:1cxx_final
    Feature record: CXX_FEATURE:1cxx_func_identifier
    Feature record: CXX_FEATURE:1cxx_generalized_initializers
    Feature record: CXX_FEATURE:0cxx_generic_lambdas
    Feature record: CXX_FEATURE:1cxx_inheriting_constructors
    Feature record: CXX_FEATURE:1cxx_inline_namespaces
    Feature record: CXX_FEATURE:1cxx_lambdas
    Feature record: CXX_FEATURE:0cxx_lambda_init_captures
    Feature record: CXX_FEATURE:1cxx_local_type_template_args
    Feature record: CXX_FEATURE:1cxx_long_long_type
    Feature record: CXX_FEATURE:1cxx_noexcept
    Feature record: CXX_FEATURE:1cxx_nonstatic_member_init
    Feature record: CXX_FEATURE:1cxx_nullptr
    Feature record: CXX_FEATURE:1cxx_override
    Feature record: CXX_FEATURE:1cxx_range_for
    Feature record: CXX_FEATURE:1cxx_raw_string_literals
    Feature record: CXX_FEATURE:1cxx_reference_qualified_functions
    Feature record: CXX_FEATURE:0cxx_relaxed_constexpr
    Feature record: CXX_FEATURE:0cxx_return_type_deduction
    Feature record: CXX_FEATURE:1cxx_right_angle_brackets
    Feature record: CXX_FEATURE:1cxx_rvalue_references
    Feature record: CXX_FEATURE:1cxx_sizeof_member
    Feature record: CXX_FEATURE:1cxx_static_assert
    Feature record: CXX_FEATURE:1cxx_strong_enums
    Feature record: CXX_FEATURE:1cxx_template_template_parameters
    Feature record: CXX_FEATURE:1cxx_thread_local
    Feature record: CXX_FEATURE:1cxx_trailing_return_types
    Feature record: CXX_FEATURE:1cxx_unicode_literals
    Feature record: CXX_FEATURE:1cxx_uniform_initialization
    Feature record: CXX_FEATURE:1cxx_unrestricted_unions
    Feature record: CXX_FEATURE:1cxx_user_literals
    Feature record: CXX_FEATURE:0cxx_variable_templates
    Feature record: CXX_FEATURE:1cxx_variadic_macros
    Feature record: CXX_FEATURE:1cxx_variadic_templates


Detecting CXX [-std=c++98] compiler features compiled with the following output:
Change Dir: /home/alexis/catkin/src/features_face/OpenFace/build/CMakeFiles/CMakeTmp

Run Build Command:"/usr/bin/make" "cmTC_295cd/fast"
/usr/bin/make -f CMakeFiles/cmTC_295cd.dir/build.make CMakeFiles/cmTC_295cd.dir/build
make[1]: Entering directory '/home/alexis/catkin/src/features_face/OpenFace/build/CMakeFiles/CMakeTmp'
Building CXX object CMakeFiles/cmTC_295cd.dir/feature_tests.cxx.o
/usr/bin/c++     -std=c++98 -o CMakeFiles/cmTC_295cd.dir/feature_tests.cxx.o -c /home/alexis/catkin/src/features_face/OpenFace/build/CMakeFiles/feature_tests.cxx
Linking CXX executable cmTC_295cd
/usr/bin/cmake -E cmake_link_script CMakeFiles/cmTC_295cd.dir/link.txt --verbose=1
/usr/bin/c++        CMakeFiles/cmTC_295cd.dir/feature_tests.cxx.o  -o cmTC_295cd -rdynamic 
make[1]: Leaving directory '/home/alexis/catkin/src/features_face/OpenFace/build/CMakeFiles/CMakeTmp'


    Feature record: CXX_FEATURE:0cxx_aggregate_default_initializers
    Feature record: CXX_FEATURE:0cxx_alias_templates
    Feature record: CXX_FEATURE:0cxx_alignas
    Feature record: CXX_FEATURE:0cxx_alignof
    Feature record: CXX_FEATURE:0cxx_attributes
    Feature record: CXX_FEATURE:0cxx_attribute_deprecated
    Feature record: CXX_FEATURE:0cxx_auto_type
    Feature record: CXX_FEATURE:0cxx_binary_literals
    Feature record: CXX_FEATURE:0cxx_constexpr
    Feature record: CXX_FEATURE:0cxx_contextual_conversions
    Feature record: CXX_FEATURE:0cxx_decltype
    Feature record: CXX_FEATURE:0cxx_decltype_auto
    Feature record: CXX_FEATURE:0cxx_decltype_incomplete_return_types
    Feature record: CXX_FEATURE:0cxx_default_function_template_args
    Feature record: CXX_FEATURE:0cxx_defaulted_functions
    Feature record: CXX_FEATURE:0cxx_defaulted_move_initializers
    Feature record: CXX_FEATURE:0cxx_delegating_constructors
    Feature record: CXX_FEATURE:0cxx_deleted_functions
    Feature record: CXX_FEATURE:0cxx_digit_separators
    Feature record: CXX_FEATURE:0cxx_enum_forward_declarations
    Feature record: CXX_FEATURE:0cxx_explicit_conversions
    Feature record: CXX_FEATURE:0cxx_extended_friend_declarations
    Feature record: CXX_FEATURE:0cxx_extern_templates
    Feature record: CXX_FEATURE:0cxx_final
    Feature record: CXX_FEATURE:0cxx_func_identifier
    Feature record: CXX_FEATURE:0cxx_generalized_initializers
    Feature record: CXX_FEATURE:0cxx_generic_lambdas
    Feature record: CXX_FEATURE:0cxx_inheriting_constructors
    Feature record: CXX_FEATURE:0cxx_inline_namespaces
    Feature record: CXX_FEATURE:0cxx_lambdas
    Feature record: CXX_FEATURE:0cxx_lambda_init_captures
    Feature record: CXX_FEATURE:0cxx_local_type_template_args
    Feature record: CXX_FEATURE:0cxx_long_long_type
    Feature record: CXX_FEATURE:0cxx_noexcept
    Feature record: CXX_FEATURE:0cxx_nonstatic_member_init
    Feature record: CXX_FEATURE:0cxx_nullptr
    Feature record: CXX_FEATURE:0cxx_override
    Feature record: CXX_FEATURE:0cxx_range_for
    Feature record: CXX_FEATURE:0cxx_raw_string_literals
    Feature record: CXX_FEATURE:0cxx_reference_qualified_functions
    Feature record: CXX_FEATURE:0cxx_relaxed_constexpr
    Feature record: CXX_FEATURE:0cxx_return_type_deduction
    Feature record: CXX_FEATURE:0cxx_right_angle_brackets
    Feature record: CXX_FEATURE:0cxx_rvalue_references
    Feature record: CXX_FEATURE:0cxx_sizeof_member
    Feature record: CXX_FEATURE:0cxx_static_assert
    Feature record: CXX_FEATURE:0cxx_strong_enums
    Feature record: CXX_FEATURE:1cxx_template_template_parameters
    Feature record: CXX_FEATURE:0cxx_thread_local
    Feature record: CXX_FEATURE:0cxx_trailing_return_types
    Feature record: CXX_FEATURE:0cxx_unicode_literals
    Feature record: CXX_FEATURE:0cxx_uniform_initialization
    Feature record: CXX_FEATURE:0cxx_unrestricted_unions
    Feature record: CXX_FEATURE:0cxx_user_literals
    Feature record: CXX_FEATURE:0cxx_variable_templates
    Feature record: CXX_FEATURE:0cxx_variadic_macros
    Feature record: CXX_FEATURE:0cxx_variadic_templates
Determining if the function XOpenDisplay exists in the /usr/lib/x86_64-linux-gnu/libX11.so;/usr/lib/x86_64-linux-gnu/libXext.so passed with the following output:
Change Dir: /home/alexis/catkin/src/features_face/OpenFace/build/CMakeFiles/CMakeTmp

Run Build Command:"/usr/bin/make" "cmTC_7f567/fast"
/usr/bin/make -f CMakeFiles/cmTC_7f567.dir/build.make CMakeFiles/cmTC_7f567.dir/build
make[1]: Entering directory '/home/alexis/catkin/src/features_face/OpenFace/build/CMakeFiles/CMakeTmp'
Building C object CMakeFiles/cmTC_7f567.dir/CheckFunctionExists.c.o
/usr/bin/cc    -DCHECK_FUNCTION_EXISTS=XOpenDisplay   -o CMakeFiles/cmTC_7f567.dir/CheckFunctionExists.c.o   -c /usr/share/cmake-3.5/Modules/CheckFunctionExists.c
Linking C executable cmTC_7f567
/usr/bin/cmake -E cmake_link_script CMakeFiles/cmTC_7f567.dir/link.txt --verbose=1
/usr/bin/cc   -DCHECK_FUNCTION_EXISTS=XOpenDisplay    CMakeFiles/cmTC_7f567.dir/CheckFunctionExists.c.o  -o cmTC_7f567 -rdynamic /usr/lib/x86_64-linux-gnu/libX11.so /usr/lib/x86_64-linux-gnu/libXext.so 
make[1]: Leaving directory '/home/alexis/catkin/src/features_face/OpenFace/build/CMakeFiles/CMakeTmp'


Determining if the function gethostbyname exists passed with the following output:
Change Dir: /home/alexis/catkin/src/features_face/OpenFace/build/CMakeFiles/CMakeTmp

Run Build Command:"/usr/bin/make" "cmTC_81516/fast"
/usr/bin/make -f CMakeFiles/cmTC_81516.dir/build.make CMakeFiles/cmTC_81516.dir/build
make[1]: Entering directory '/home/alexis/catkin/src/features_face/OpenFace/build/CMakeFiles/CMakeTmp'
Building C object CMakeFiles/cmTC_81516.dir/CheckFunctionExists.c.o
/usr/bin/cc    -DCHECK_FUNCTION_EXISTS=gethostbyname   -o CMakeFiles/cmTC_81516.dir/CheckFunctionExists.c.o   -c /usr/share/cmake-3.5/Modules/CheckFunctionExists.c
Linking C executable cmTC_81516
/usr/bin/cmake -E cmake_link_script CMakeFiles/cmTC_81516.dir/link.txt --verbose=1
/usr/bin/cc   -DCHECK_FUNCTION_EXISTS=gethostbyname    CMakeFiles/cmTC_81516.dir/CheckFunctionExists.c.o  -o cmTC_81516 -rdynamic 
make[1]: Leaving directory '/home/alexis/catkin/src/features_face/OpenFace/build/CMakeFiles/CMakeTmp'


Determining if the function XOpenDisplay exists in the /usr/lib/x86_64-linux-gnu/libX11.so;/usr/lib/x86_64-linux-gnu/libXext.so passed with the following output:
Change Dir: /home/alexis/catkin/src/features_face/OpenFace/build/CMakeFiles/CMakeTmp

Run Build Command:"/usr/bin/make" "cmTC_5fd13/fast"
/usr/bin/make -f CMakeFiles/cmTC_5fd13.dir/build.make CMakeFiles/cmTC_5fd13.dir/build
make[1]: Entering directory '/home/alexis/catkin/src/features_face/OpenFace/build/CMakeFiles/CMakeTmp'
Building C object CMakeFiles/cmTC_5fd13.dir/CheckFunctionExists.c.o
/usr/bin/cc    -DCHECK_FUNCTION_EXISTS=XOpenDisplay   -o CMakeFiles/cmTC_5fd13.dir/CheckFunctionExists.c.o   -c /usr/share/cmake-3.5/Modules/CheckFunctionExists.c
Linking C executable cmTC_5fd13
/usr/bin/cmake -E cmake_link_script CMakeFiles/cmTC_5fd13.dir/link.txt --verbose=1
/usr/bin/cc   -DCHECK_FUNCTION_EXISTS=XOpenDisplay    CMakeFiles/cmTC_5fd13.dir/CheckFunctionExists.c.o  -o cmTC_5fd13 -rdynamic /usr/lib/x86_64-linux-gnu/libX11.so /usr/lib/x86_64-linux-gnu/libXext.so 
make[1]: Leaving directory '/home/alexis/catkin/src/features_face/OpenFace/build/CMakeFiles/CMakeTmp'


Determining if the function gethostbyname exists passed with the following output:
Change Dir: /home/alexis/catkin/src/features_face/OpenFace/build/CMakeFiles/CMakeTmp

Run Build Command:"/usr/bin/make" "cmTC_54afd/fast"
/usr/bin/make -f CMakeFiles/cmTC_54afd.dir/build.make CMakeFiles/cmTC_54afd.dir/build
make[1]: Entering directory '/home/alexis/catkin/src/features_face/OpenFace/build/CMakeFiles/CMakeTmp'
Building C object CMakeFiles/cmTC_54afd.dir/CheckFunctionExists.c.o
/usr/bin/cc    -DCHECK_FUNCTION_EXISTS=gethostbyname   -o CMakeFiles/cmTC_54afd.dir/CheckFunctionExists.c.o   -c /usr/share/cmake-3.5/Modules/CheckFunctionExists.c
Linking C executable cmTC_54afd
/usr/bin/cmake -E cmake_link_script CMakeFiles/cmTC_54afd.dir/link.txt --verbose=1
/usr/bin/cc   -DCHECK_FUNCTION_EXISTS=gethostbyname    CMakeFiles/cmTC_54afd.dir/CheckFunctionExists.c.o  -o cmTC_54afd -rdynamic 
make[1]: Leaving directory '/home/alexis/catkin/src/features_face/OpenFace/build/CMakeFiles/CMakeTmp'


Determining if the function connect exists passed with the following output:
Change Dir: /home/alexis/catkin/src/features_face/OpenFace/build/CMakeFiles/CMakeTmp

Run Build Command:"/usr/bin/make" "cmTC_3d0ee/fast"
/usr/bin/make -f CMakeFiles/cmTC_3d0ee.dir/build.make CMakeFiles/cmTC_3d0ee.dir/build
make[1]: Entering directory '/home/alexis/catkin/src/features_face/OpenFace/build/CMakeFiles/CMakeTmp'
Building C object CMakeFiles/cmTC_3d0ee.dir/CheckFunctionExists.c.o
/usr/bin/cc    -DCHECK_FUNCTION_EXISTS=connect   -o CMakeFiles/cmTC_3d0ee.dir/CheckFunctionExists.c.o   -c /usr/share/cmake-3.5/Modules/CheckFunctionExists.c
Linking C executable cmTC_3d0ee
/usr/bin/cmake -E cmake_link_script CMakeFiles/cmTC_3d0ee.dir/link.txt --verbose=1
/usr/bin/cc   -DCHECK_FUNCTION_EXISTS=connect    CMakeFiles/cmTC_3d0ee.dir/CheckFunctionExists.c.o  -o cmTC_3d0ee -rdynamic 
make[1]: Leaving directory '/home/alexis/catkin/src/features_face/OpenFace/build/CMakeFiles/CMakeTmp'


Determining if the function remove exists passed with the following output:
Change Dir: /home/alexis/catkin/src/features_face/OpenFace/build/CMakeFiles/CMakeTmp

Run Build Command:"/usr/bin/make" "cmTC_805a3/fast"
/usr/bin/make -f CMakeFiles/cmTC_805a3.dir/build.make CMakeFiles/cmTC_805a3.dir/build
make[1]: Entering directory '/home/alexis/catkin/src/features_face/OpenFace/build/CMakeFiles/CMakeTmp'
Building C object CMakeFiles/cmTC_805a3.dir/CheckFunctionExists.c.o
/usr/bin/cc    -DCHECK_FUNCTION_EXISTS=remove   -o CMakeFiles/cmTC_805a3.dir/CheckFunctionExists.c.o   -c /usr/share/cmake-3.5/Modules/CheckFunctionExists.c
Linking C executable cmTC_805a3
/usr/bin/cmake -E cmake_link_script CMakeFiles/cmTC_805a3.dir/link.txt --verbose=1
/usr/bin/cc   -DCHECK_FUNCTION_EXISTS=remove    CMakeFiles/cmTC_805a3.dir/CheckFunctionExists.c.o  -o cmTC_805a3 -rdynamic 
make[1]: Leaving directory '/home/alexis/catkin/src/features_face/OpenFace/build/CMakeFiles/CMakeTmp'


Determining if the function shmat exists passed with the following output:
Change Dir: /home/alexis/catkin/src/features_face/OpenFace/build/CMakeFiles/CMakeTmp

Run Build Command:"/usr/bin/make" "cmTC_9784b/fast"
/usr/bin/make -f CMakeFiles/cmTC_9784b.dir/build.make CMakeFiles/cmTC_9784b.dir/build
make[1]: Entering directory '/home/alexis/catkin/src/features_face/OpenFace/build/CMakeFiles/CMakeTmp'
Building C object CMakeFiles/cmTC_9784b.dir/CheckFunctionExists.c.o
/usr/bin/cc    -DCHECK_FUNCTION_EXISTS=shmat   -o CMakeFiles/cmTC_9784b.dir/CheckFunctionExists.c.o   -c /usr/share/cmake-3.5/Modules/CheckFunctionExists.c
Linking C executable cmTC_9784b
/usr/bin/cmake -E cmake_link_script CMakeFiles/cmTC_9784b.dir/link.txt --verbose=1
/usr/bin/cc   -DCHECK_FUNCTION_EXISTS=shmat    CMakeFiles/cmTC_9784b.dir/CheckFunctionExists.c.o  -o cmTC_9784b -rdynamic 
make[1]: Leaving directory '/home/alexis/catkin/src/features_face/OpenFace/build/CMakeFiles/CMakeTmp'


Determining if the function IceConnectionNumber exists in the ICE passed with the following output:
Change Dir: /home/alexis/catkin/src/features_face/OpenFace/build/CMakeFiles/CMakeTmp

Run Build Command:"/usr/bin/make" "cmTC_cc6cf/fast"
/usr/bin/make -f CMakeFiles/cmTC_cc6cf.dir/build.make CMakeFiles/cmTC_cc6cf.dir/build
make[1]: Entering directory '/home/alexis/catkin/src/features_face/OpenFace/build/CMakeFiles/CMakeTmp'
Building C object CMakeFiles/cmTC_cc6cf.dir/CheckFunctionExists.c.o
/usr/bin/cc    -DCHECK_FUNCTION_EXISTS=IceConnectionNumber   -o CMakeFiles/cmTC_cc6cf.dir/CheckFunctionExists.c.o   -c /usr/share/cmake-3.5/Modules/CheckFunctionExists.c
Linking C executable cmTC_cc6cf
/usr/bin/cmake -E cmake_link_script CMakeFiles/cmTC_cc6cf.dir/link.txt --verbose=1
/usr/bin/cc   -DCHECK_FUNCTION_EXISTS=IceConnectionNumber    CMakeFiles/cmTC_cc6cf.dir/CheckFunctionExists.c.o  -o cmTC_cc6cf -rdynamic -lICE 
make[1]: Leaving directory '/home/alexis/catkin/src/features_face/OpenFace/build/CMakeFiles/CMakeTmp'


Determining if the include file sys/types.h exists passed with the following output:
Change Dir: /home/alexis/catkin/src/features_face/OpenFace/build/CMakeFiles/CMakeTmp

Run Build Command:"/usr/bin/make" "cmTC_4e172/fast"
/usr/bin/make -f CMakeFiles/cmTC_4e172.dir/build.make CMakeFiles/cmTC_4e172.dir/build
make[1]: Entering directory '/home/alexis/catkin/src/features_face/OpenFace/build/CMakeFiles/CMakeTmp'
Building C object CMakeFiles/cmTC_4e172.dir/CheckIncludeFile.c.o
/usr/bin/cc     -o CMakeFiles/cmTC_4e172.dir/CheckIncludeFile.c.o   -c /home/alexis/catkin/src/features_face/OpenFace/build/CMakeFiles/CMakeTmp/CheckIncludeFile.c
Linking C executable cmTC_4e172
/usr/bin/cmake -E cmake_link_script CMakeFiles/cmTC_4e172.dir/link.txt --verbose=1
/usr/bin/cc       CMakeFiles/cmTC_4e172.dir/CheckIncludeFile.c.o  -o cmTC_4e172 -rdynamic 
make[1]: Leaving directory '/home/alexis/catkin/src/features_face/OpenFace/build/CMakeFiles/CMakeTmp'


Determining if the include file stdint.h exists passed with the following output:
Change Dir: /home/alexis/catkin/src/features_face/OpenFace/build/CMakeFiles/CMakeTmp

Run Build Command:"/usr/bin/make" "cmTC_61c0a/fast"
/usr/bin/make -f CMakeFiles/cmTC_61c0a.dir/build.make CMakeFiles/cmTC_61c0a.dir/build
make[1]: Entering directory '/home/alexis/catkin/src/features_face/OpenFace/build/CMakeFiles/CMakeTmp'
Building C object CMakeFiles/cmTC_61c0a.dir/CheckIncludeFile.c.o
/usr/bin/cc     -o CMakeFiles/cmTC_61c0a.dir/CheckIncludeFile.c.o   -c /home/alexis/catkin/src/features_face/OpenFace/build/CMakeFiles/CMakeTmp/CheckIncludeFile.c
Linking C executable cmTC_61c0a
/usr/bin/cmake -E cmake_link_script CMakeFiles/cmTC_61c0a.dir/link.txt --verbose=1
/usr/bin/cc       CMakeFiles/cmTC_61c0a.dir/CheckIncludeFile.c.o  -o cmTC_61c0a -rdynamic 
make[1]: Leaving directory '/home/alexis/catkin/src/features_face/OpenFace/build/CMakeFiles/CMakeTmp'


Determining if the include file stddef.h exists passed with the following output:
Change Dir: /home/alexis/catkin/src/features_face/OpenFace/build/CMakeFiles/CMakeTmp

Run Build Command:"/usr/bin/make" "cmTC_779ee/fast"
/usr/bin/make -f CMakeFiles/cmTC_779ee.dir/build.make CMakeFiles/cmTC_779ee.dir/build
make[1]: Entering directory '/home/alexis/catkin/src/features_face/OpenFace/build/CMakeFiles/CMakeTmp'
Building C object CMakeFiles/cmTC_779ee.dir/CheckIncludeFile.c.o
/usr/bin/cc     -o CMakeFiles/cmTC_779ee.dir/CheckIncludeFile.c.o   -c /home/alexis/catkin/src/features_face/OpenFace/build/CMakeFiles/CMakeTmp/CheckIncludeFile.c
Linking C executable cmTC_779ee
/usr/bin/cmake -E cmake_link_script CMakeFiles/cmTC_779ee.dir/link.txt --verbose=1
/usr/bin/cc       CMakeFiles/cmTC_779ee.dir/CheckIncludeFile.c.o  -o cmTC_779ee -rdynamic 
make[1]: Leaving directory '/home/alexis/catkin/src/features_face/OpenFace/build/CMakeFiles/CMakeTmp'


Determining size of void* passed with the following output:
Change Dir: /home/alexis/catkin/src/features_face/OpenFace/build/CMakeFiles/CMakeTmp

Run Build Command:"/usr/bin/make" "cmTC_ddf60/fast"
/usr/bin/make -f CMakeFiles/cmTC_ddf60.dir/build.make CMakeFiles/cmTC_ddf60.dir/build
make[1]: Entering directory '/home/alexis/catkin/src/features_face/OpenFace/build/CMakeFiles/CMakeTmp'
Building C object CMakeFiles/cmTC_ddf60.dir/SIZE_OF_VOID_PTR.c.o
/usr/bin/cc     -o CMakeFiles/cmTC_ddf60.dir/SIZE_OF_VOID_PTR.c.o   -c /home/alexis/catkin/src/features_face/OpenFace/build/CMakeFiles/CheckTypeSize/SIZE_OF_VOID_PTR.c
Linking C executable cmTC_ddf60
/usr/bin/cmake -E cmake_link_script CMakeFiles/cmTC_ddf60.dir/link.txt --verbose=1
/usr/bin/cc       CMakeFiles/cmTC_ddf60.dir/SIZE_OF_VOID_PTR.c.o  -o cmTC_ddf60 -rdynamic 
make[1]: Leaving directory '/home/alexis/catkin/src/features_face/OpenFace/build/CMakeFiles/CMakeTmp'


Determining if the function cblas_ddot exists passed with the following output:
Change Dir: /home/alexis/catkin/src/features_face/OpenFace/build/CMakeFiles/CMakeTmp

Run Build Command:"/usr/bin/make" "cmTC_04b5f/fast"
/usr/bin/make -f CMakeFiles/cmTC_04b5f.dir/build.make CMakeFiles/cmTC_04b5f.dir/build
make[1]: Entering directory '/home/alexis/catkin/src/features_face/OpenFace/build/CMakeFiles/CMakeTmp'
Building C object CMakeFiles/cmTC_04b5f.dir/CheckFunctionExists.c.o
/usr/bin/cc    -DCHECK_FUNCTION_EXISTS=cblas_ddot   -o CMakeFiles/cmTC_04b5f.dir/CheckFunctionExists.c.o   -c /usr/share/cmake-3.5/Modules/CheckFunctionExists.c
Linking C executable cmTC_04b5f
/usr/bin/cmake -E cmake_link_script CMakeFiles/cmTC_04b5f.dir/link.txt --verbose=1
/usr/bin/cc   -DCHECK_FUNCTION_EXISTS=cblas_ddot    CMakeFiles/cmTC_04b5f.dir/CheckFunctionExists.c.o  -o cmTC_04b5f -rdynamic /usr/lib/libblas.so 
make[1]: Leaving directory '/home/alexis/catkin/src/features_face/OpenFace/build/CMakeFiles/CMakeTmp'


Determining if the CXX compiler has std namespace passed with the following output:
Change Dir: /home/alexis/catkin/src/features_face/OpenFace/build/CMakeFiles/CMakeTmp

Run Build Command:"/usr/bin/make" "cmTC_09310/fast"
/usr/bin/make -f CMakeFiles/cmTC_09310.dir/build.make CMakeFiles/cmTC_09310.dir/build
make[1]: Entering directory '/home/alexis/catkin/src/features_face/OpenFace/build/CMakeFiles/CMakeTmp'
Building CXX object CMakeFiles/cmTC_09310.dir/TestForSTDNamespace.cxx.o
/usr/bin/c++     -std=c++11 -msse -msse2 -msse3    -o CMakeFiles/cmTC_09310.dir/TestForSTDNamespace.cxx.o -c /usr/share/cmake-3.5/Modules/TestForSTDNamespace.cxx
Linking CXX executable cmTC_09310
/usr/bin/cmake -E cmake_link_script CMakeFiles/cmTC_09310.dir/link.txt --verbose=1
/usr/bin/c++    -std=c++11 -msse -msse2 -msse3     CMakeFiles/cmTC_09310.dir/TestForSTDNamespace.cxx.o  -o cmTC_09310 -rdynamic 
make[1]: Leaving directory '/home/alexis/catkin/src/features_face/OpenFace/build/CMakeFiles/CMakeTmp'


Determining if the include file iostream exists passed with the following output:
Change Dir: /home/alexis/catkin/src/features_face/OpenFace/build/CMakeFiles/CMakeTmp

Run Build Command:"/usr/bin/make" "cmTC_c8fdf/fast"
/usr/bin/make -f CMakeFiles/cmTC_c8fdf.dir/build.make CMakeFiles/cmTC_c8fdf.dir/build
make[1]: Entering directory '/home/alexis/catkin/src/features_face/OpenFace/build/CMakeFiles/CMakeTmp'
Building CXX object CMakeFiles/cmTC_c8fdf.dir/CheckIncludeFile.cxx.o
/usr/bin/c++     -std=c++11 -msse -msse2 -msse3    -o CMakeFiles/cmTC_c8fdf.dir/CheckIncludeFile.cxx.o -c /home/alexis/catkin/src/features_face/OpenFace/build/CMakeFiles/CMakeTmp/CheckIncludeFile.cxx
Linking CXX executable cmTC_c8fdf
/usr/bin/cmake -E cmake_link_script CMakeFiles/cmTC_c8fdf.dir/link.txt --verbose=1
/usr/bin/c++    -std=c++11 -msse -msse2 -msse3     CMakeFiles/cmTC_c8fdf.dir/CheckIncludeFile.cxx.o  -o cmTC_c8fdf -rdynamic 
make[1]: Leaving directory '/home/alexis/catkin/src/features_face/OpenFace/build/CMakeFiles/CMakeTmp'


Determining if the include file pthread.h exists passed with the following output:
Change Dir: /home/alexis/catkin/src/features_face/OpenFace/build/CMakeFiles/CMakeTmp

Run Build Command:"/usr/bin/make" "cmTC_0d255/fast"
/usr/bin/make -f CMakeFiles/cmTC_0d255.dir/build.make CMakeFiles/cmTC_0d255.dir/build
make[1]: Entering directory '/home/alexis/catkin/src/features_face/OpenFace/build/CMakeFiles/CMakeTmp'
Building C object CMakeFiles/cmTC_0d255.dir/CheckIncludeFile.c.o
/usr/bin/cc     -o CMakeFiles/cmTC_0d255.dir/CheckIncludeFile.c.o   -c /home/alexis/catkin/src/features_face/OpenFace/build/CMakeFiles/CMakeTmp/CheckIncludeFile.c
Linking C executable cmTC_0d255
/usr/bin/cmake -E cmake_link_script CMakeFiles/cmTC_0d255.dir/link.txt --verbose=1
/usr/bin/cc       CMakeFiles/cmTC_0d255.dir/CheckIncludeFile.c.o  -o cmTC_0d255 -rdynamic 
make[1]: Leaving directory '/home/alexis/catkin/src/features_face/OpenFace/build/CMakeFiles/CMakeTmp'


Determining if the function pthread_create exists in the pthread passed with the following output:
Change Dir: /home/alexis/catkin/src/features_face/OpenFace/build/CMakeFiles/CMakeTmp

Run Build Command:"/usr/bin/make" "cmTC_133d1/fast"
/usr/bin/make -f CMakeFiles/cmTC_133d1.dir/build.make CMakeFiles/cmTC_133d1.dir/build
make[1]: Entering directory '/home/alexis/catkin/src/features_face/OpenFace/build/CMakeFiles/CMakeTmp'
Building C object CMakeFiles/cmTC_133d1.dir/CheckFunctionExists.c.o
/usr/bin/cc    -DCHECK_FUNCTION_EXISTS=pthread_create   -o CMakeFiles/cmTC_133d1.dir/CheckFunctionExists.c.o   -c /usr/share/cmake-3.5/Modules/CheckFunctionExists.c
Linking C executable cmTC_133d1
/usr/bin/cmake -E cmake_link_script CMakeFiles/cmTC_133d1.dir/link.txt --verbose=1
/usr/bin/cc   -DCHECK_FUNCTION_EXISTS=pthread_create    CMakeFiles/cmTC_133d1.dir/CheckFunctionExists.c.o  -o cmTC_133d1 -rdynamic -lpthread 
make[1]: Leaving directory '/home/alexis/catkin/src/features_face/OpenFace/build/CMakeFiles/CMakeTmp'


